生成启动时间为 2017/10/31 星期二 17:34:49。
     1>项目“F:\zhweizh\ImageProcessing\基础研究\PyramidMatching\ImagePyramid\ImagePyramid.vcxproj”在节点 2 上(Build 个目标)。
     1>ClCompile:
         C:\Program Files (x86)\Microsoft Visual Studio 11.0\VC\bin\CL.exe /c /I..\user\opencv249\include /I..\user\UserLib\include /ZI /nologo /W3 /WX- /Od /Oy- /D _MBCS /Gm /EHsc /RTC1 /MDd /GS /fp:precise /Zc:wchar_t /Zc:forScope /Fo"Debug\\" /Fd"Debug\vc110.pdb" /Gd /TP /analyze- /errorReport:prompt ImagePyramid.cpp MainDemo.cpp TemplateMatching.cpp
         MainDemo.cpp
     1>f:\zhweizh\imageprocessing\基础研究\pyramidmatching\imagepyramid\maindemo.cpp(67): warning C4305: “参数”: 从“double”到“float”截断
         正在生成代码...
         正在编译...
         TemplateMatching.cpp
         ImagePyramid.cpp
     1>f:\zhweizh\imageprocessing\基础研究\pyramidmatching\imagepyramid\imagepyramid.cpp(36): warning C4018: “<”: 有符号/无符号不匹配
         正在生成代码...
       Link:
         C:\Program Files (x86)\Microsoft Visual Studio 11.0\VC\bin\link.exe /ERRORREPORT:PROMPT /OUT:"F:\zhweizh\ImageProcessing\基础研究\PyramidMatching\Debug\ImagePyramid.exe" /INCREMENTAL /NOLOGO /LIBPATH:..\user\opencv249\lib\Debug /LIBPATH:..\user\UserLib\lib\Debug opencv_calib3d249d.lib opencv_core249d.lib opencv_features2d249d.lib opencv_flann249d.lib opencv_gpu249d.lib opencv_highgui249d.lib opencv_imgproc249d.lib opencv_ml249d.lib opencv_nonfree249d.lib opencv_objdetect249d.lib opencv_video249d.lib /MANIFEST /MANIFESTUAC:"level='asInvoker' uiAccess='false'" /manifest:embed /DEBUG /PDB:"F:\zhweizh\ImageProcessing\基础研究\PyramidMatching\Debug\ImagePyramid.pdb" /TLBID:1 /DYNAMICBASE /NXCOMPAT /IMPLIB:"F:\zhweizh\ImageProcessing\基础研究\PyramidMatching\Debug\ImagePyramid.lib" /MACHINE:X86 Debug\ImagePyramid.obj
         Debug\MainDemo.obj
         Debug\TemplateMatching.obj
         ImagePyramid.vcxproj -> F:\zhweizh\ImageProcessing\基础研究\PyramidMatching\Debug\ImagePyramid.exe
     1>已完成生成项目“F:\zhweizh\ImageProcessing\基础研究\PyramidMatching\ImagePyramid\ImagePyramid.vcxproj”(Build 个目标)的操作。

生成成功。

已用时间 00:00:03.06
